[debug] [2021-02-28T23:20:54.639Z] ----------------------------------------------------------------------
[debug] [2021-02-28T23:20:54.639Z] Command:       /opt/homebrew/Cellar/node/15.8.0/bin/node /opt/homebrew/bin/firebase emulators:start
[debug] [2021-02-28T23:20:54.640Z] CLI Version:   9.5.0
[debug] [2021-02-28T23:20:54.640Z] Platform:      darwin
[debug] [2021-02-28T23:20:54.640Z] Node Version:  v15.8.0
[debug] [2021-02-28T23:20:54.641Z] Time:          Mon Mar 01 2021 00:20:54 GMT+0100 (Central European Standard Time)
[debug] [2021-02-28T23:20:54.641Z] ----------------------------------------------------------------------
[debug] [2021-02-28T23:20:54.641Z] 
[debug] [2021-02-28T23:20:54.643Z] > command requires scopes: ["email","openid","https://www.googleapis.com/auth/cloudplatformprojects.readonly","https://www.googleapis.com/auth/firebase","https://www.googleapis.com/auth/cloud-platform"]
[debug] [2021-02-28T23:20:54.643Z] > authorizing via signed-in user
[info] i  emulators: Starting emulators: functions, hosting {"metadata":{"emulator":{"name":"hub"},"message":"Starting emulators: functions, hosting"}}
[warn] ⚠  emulators: It seems that you are running multiple instances of the emulator suite for project monstera-shopping. This may result in unexpected behavior. 
[debug] [2021-02-28T23:20:54.652Z] [hub] writing locator at /var/folders/1n/gr3z7hj55xv_55320fr0np7c0000gn/T/hub-monstera-shopping.json
[warn] ⚠  functions: The following emulators are not running, calls to these services from the Functions emulator will affect production: auth, firestore, database, pubsub {"metadata":{"emulator":{"name":"functions"},"message":"The following emulators are not running, calls to these services from the Functions emulator will affect production: \u001b[1mauth, firestore, database, pubsub\u001b[22m"}}
[warn] ⚠  Your requested "node" version "12" doesn't match your global version "15" {"metadata":{"emulator":{"name":"functions"},"message":"Your requested \"node\" version \"12\" doesn't match your global version \"15\""}}
[debug] [2021-02-28T23:20:54.666Z] defaultcredentials: writing to file /Users/yumiao/.config/firebase/yuuu_miao_gmail.com_application_default_credentials.json
[debug] [2021-02-28T23:20:54.667Z] Setting GAC to /Users/yumiao/.config/firebase/yuuu_miao_gmail.com_application_default_credentials.json {"metadata":{"emulator":{"name":"functions"},"message":"Setting GAC to /Users/yumiao/.config/firebase/yuuu_miao_gmail.com_application_default_credentials.json"}}
[debug] [2021-02-28T23:20:54.667Z] >>> [apiv2][query] GET https://firebase.googleapis.com/v1beta1/projects/monstera-shopping/adminSdkConfig [none]
[debug] [2021-02-28T23:20:55.305Z] <<< [apiv2][status] GET https://firebase.googleapis.com/v1beta1/projects/monstera-shopping/adminSdkConfig 200
[debug] [2021-02-28T23:20:55.305Z] <<< [apiv2][body] GET https://firebase.googleapis.com/v1beta1/projects/monstera-shopping/adminSdkConfig {"projectId":"monstera-shopping","storageBucket":"monstera-shopping.appspot.com"}
[debug] [2021-02-28T23:20:55.335Z] >>> [apiv2][query] GET https://firebase.googleapis.com/v1beta1/projects/monstera-shopping/webApps/-/config [none]
[debug] [2021-02-28T23:20:56.156Z] <<< [apiv2][status] GET https://firebase.googleapis.com/v1beta1/projects/monstera-shopping/webApps/-/config 200
[debug] [2021-02-28T23:20:56.156Z] <<< [apiv2][body] GET https://firebase.googleapis.com/v1beta1/projects/monstera-shopping/webApps/-/config {"projectId":"monstera-shopping","appId":"1:51630159247:web:2445f2db523436d831c7fa","storageBucket":"monstera-shopping.appspot.com","apiKey":"AIzaSyBnak5GgAgyrQbzcuFMcSbUW7UH28qP8GU","authDomain":"monstera-shopping.firebaseapp.com","messagingSenderId":"51630159247","measurementId":"G-12EG7VWG4N"}
[info] i  hosting: Serving hosting files from: build {"metadata":{"emulator":{"name":"hosting"},"message":"Serving hosting files from: \u001b[1mbuild\u001b[22m"}}
[info] ✔  hosting: Local server: http://localhost:5000 {"metadata":{"emulator":{"name":"hosting"},"message":"Local server: \u001b[4m\u001b[1mhttp://localhost:5000\u001b[22m\u001b[24m"}}
[warn] ⚠  ui: Emulator UI unable to start on port 4000, starting on 4001 instead. {"metadata":{"emulator":{"name":"ui"},"message":"Emulator UI unable to start on port 4000, starting on 4001 instead."}}
[info] i  ui: downloading ui-v1.4.2.zip... {"metadata":{"emulator":{"name":"ui"},"message":"downloading ui-v1.4.2.zip..."}}
[debug] [2021-02-28T23:20:56.193Z] >>> [apiv2][query] GET https://storage.googleapis.com/firebase-preview-drop/emulator/ui-v1.4.2.zip [none]
[debug] [2021-02-28T23:20:56.355Z] <<< [apiv2][status] GET https://storage.googleapis.com/firebase-preview-drop/emulator/ui-v1.4.2.zip 200
[debug] [2021-02-28T23:20:56.355Z] <<< [apiv2][body] GET https://storage.googleapis.com/firebase-preview-drop/emulator/ui-v1.4.2.zip [stream]
[info] i  ui: Removing outdated emulator files: ui-v1.4.1 {"metadata":{"emulator":{"name":"ui"},"message":"Removing outdated emulator files: ui-v1.4.1"}}
[info] i  ui: Removing outdated emulator files: ui-v1.4.1.zip {"metadata":{"emulator":{"name":"ui"},"message":"Removing outdated emulator files: ui-v1.4.1.zip"}}
[debug] [2021-02-28T23:20:56.577Z] Ignoring unsupported arg: auto_download {"metadata":{"emulator":{"name":"ui"},"message":"Ignoring unsupported arg: auto_download"}}
[debug] [2021-02-28T23:20:56.577Z] Ignoring unsupported arg: port {"metadata":{"emulator":{"name":"ui"},"message":"Ignoring unsupported arg: port"}}
[debug] [2021-02-28T23:20:56.577Z] Starting Emulator UI with command {"binary":"node","args":["/Users/yumiao/.cache/firebase/emulators/ui-v1.4.2/server.bundle.js"],"optionalArgs":[],"joinArgs":false} {"metadata":{"emulator":{"name":"ui"},"message":"Starting Emulator UI with command {\"binary\":\"node\",\"args\":[\"/Users/yumiao/.cache/firebase/emulators/ui-v1.4.2/server.bundle.js\"],\"optionalArgs\":[],\"joinArgs\":false}"}}
[info] i  ui: Emulator UI logging to ui-debug.log {"metadata":{"emulator":{"name":"ui"},"message":"Emulator UI logging to \u001b[1mui-debug.log\u001b[22m"}}
[debug] [2021-02-28T23:20:56.626Z] Web / API server started at http://localhost:4001
 {"metadata":{"emulator":{"name":"ui"},"message":"Web / API server started at http://localhost:4001\n"}}
[info] i  functions: Watching "/Users/yumiao/Documents/Projects/monstera/monstera/functions" for Cloud Functions... {"metadata":{"emulator":{"name":"functions"},"message":"Watching \"/Users/yumiao/Documents/Projects/monstera/monstera/functions\" for Cloud Functions..."}}
[debug] [2021-02-28T23:20:56.849Z] [worker-pool] addWorker(~diagnostic~) {"metadata":{"emulator":{"name":"functions"},"message":"[worker-pool] addWorker(~diagnostic~)"}}
[debug] [2021-02-28T23:20:56.849Z] [worker-pool] Adding worker with key ~diagnostic~, total=1 {"metadata":{"emulator":{"name":"functions"},"message":"[worker-pool] Adding worker with key ~diagnostic~, total=1"}}
[debug] [2021-02-28T23:20:56.849Z] [worker-pool] submitWork(triggerId=) {"metadata":{"emulator":{"name":"functions"},"message":"[worker-pool] submitWork(triggerId=)"}}
[debug] [2021-02-28T23:20:56.849Z] [worker-~diagnostic~-8e97fc48-8cd8-489d-a96d-a8cefbb25791]: Assigning socketPath: /var/folders/1n/gr3z7hj55xv_55320fr0np7c0000gn/T/fire_emu_30258.sock {"metadata":{"emulator":{"name":"functions"},"message":"[worker-~diagnostic~-8e97fc48-8cd8-489d-a96d-a8cefbb25791]: Assigning socketPath: /var/folders/1n/gr3z7hj55xv_55320fr0np7c0000gn/T/fire_emu_30258.sock"}}
[debug] [2021-02-28T23:20:56.850Z] [worker-~diagnostic~-8e97fc48-8cd8-489d-a96d-a8cefbb25791]: BUSY {"metadata":{"emulator":{"name":"functions"},"message":"[worker-~diagnostic~-8e97fc48-8cd8-489d-a96d-a8cefbb25791]: BUSY"}}
[debug] [2021-02-28T23:20:56.928Z] [runtime-status] [30258] Functions runtime initialized. {"cwd":"/Users/yumiao/Documents/Projects/monstera/monstera/functions","node_version":"15.8.0"} {"metadata":{"emulator":{"name":"functions"},"message":"[runtime-status] [30258] Functions runtime initialized. {\"cwd\":\"/Users/yumiao/Documents/Projects/monstera/monstera/functions\",\"node_version\":\"15.8.0\"}"}}
[debug] [2021-02-28T23:20:56.928Z] [runtime-status] [30258] Disabled runtime features: undefined {"metadata":{"emulator":{"name":"functions"},"message":"[runtime-status] [30258] Disabled runtime features: undefined"}}
[debug] [2021-02-28T23:20:56.929Z] [runtime-status] [30258] Resolved module firebase-admin {"declared":true,"installed":true,"version":"9.5.0","resolution":"/Users/yumiao/Documents/Projects/monstera/monstera/functions/node_modules/firebase-admin/lib/index.js"} {"metadata":{"emulator":{"name":"functions"},"message":"[runtime-status] [30258] Resolved module firebase-admin {\"declared\":true,\"installed\":true,\"version\":\"9.5.0\",\"resolution\":\"/Users/yumiao/Documents/Projects/monstera/monstera/functions/node_modules/firebase-admin/lib/index.js\"}"}}
[debug] [2021-02-28T23:20:56.930Z] [runtime-status] [30258] Resolved module firebase-functions {"declared":true,"installed":true,"version":"3.13.2","resolution":"/Users/yumiao/Documents/Projects/monstera/monstera/functions/node_modules/firebase-functions/lib/index.js"} {"metadata":{"emulator":{"name":"functions"},"message":"[runtime-status] [30258] Resolved module firebase-functions {\"declared\":true,\"installed\":true,\"version\":\"3.13.2\",\"resolution\":\"/Users/yumiao/Documents/Projects/monstera/monstera/functions/node_modules/firebase-functions/lib/index.js\"}"}}
[debug] [2021-02-28T23:20:56.931Z] [runtime-status] [30258] Resolved module firebase-functions {"declared":true,"installed":true,"version":"3.13.2","resolution":"/Users/yumiao/Documents/Projects/monstera/monstera/functions/node_modules/firebase-functions/lib/index.js"} {"metadata":{"emulator":{"name":"functions"},"message":"[runtime-status] [30258] Resolved module firebase-functions {\"declared\":true,\"installed\":true,\"version\":\"3.13.2\",\"resolution\":\"/Users/yumiao/Documents/Projects/monstera/monstera/functions/node_modules/firebase-functions/lib/index.js\"}"}}
[debug] [2021-02-28T23:20:56.931Z] [runtime-status] [30258] Outgoing network have been stubbed. [{"name":"http","status":"mocked"},{"name":"http","status":"mocked"},{"name":"https","status":"mocked"},{"name":"https","status":"mocked"},{"name":"net","status":"mocked"}] {"metadata":{"emulator":{"name":"functions"},"message":"[runtime-status] [30258] Outgoing network have been stubbed. [{\"name\":\"http\",\"status\":\"mocked\"},{\"name\":\"http\",\"status\":\"mocked\"},{\"name\":\"https\",\"status\":\"mocked\"},{\"name\":\"https\",\"status\":\"mocked\"},{\"name\":\"net\",\"status\":\"mocked\"}]"}}
[debug] [2021-02-28T23:20:56.931Z] [runtime-status] [30258] Resolved module firebase-functions {"declared":true,"installed":true,"version":"3.13.2","resolution":"/Users/yumiao/Documents/Projects/monstera/monstera/functions/node_modules/firebase-functions/lib/index.js"} {"metadata":{"emulator":{"name":"functions"},"message":"[runtime-status] [30258] Resolved module firebase-functions {\"declared\":true,\"installed\":true,\"version\":\"3.13.2\",\"resolution\":\"/Users/yumiao/Documents/Projects/monstera/monstera/functions/node_modules/firebase-functions/lib/index.js\"}"}}
[debug] [2021-02-28T23:20:56.956Z] [runtime-status] [30258] Checked functions.config() {"config":{}} {"metadata":{"emulator":{"name":"functions"},"message":"[runtime-status] [30258] Checked functions.config() {\"config\":{}}"}}
[debug] [2021-02-28T23:20:56.956Z] [runtime-status] [30258] firebase-functions has been stubbed. {"functionsResolution":{"declared":true,"installed":true,"version":"3.13.2","resolution":"/Users/yumiao/Documents/Projects/monstera/monstera/functions/node_modules/firebase-functions/lib/index.js"}} {"metadata":{"emulator":{"name":"functions"},"message":"[runtime-status] [30258] firebase-functions has been stubbed. {\"functionsResolution\":{\"declared\":true,\"installed\":true,\"version\":\"3.13.2\",\"resolution\":\"/Users/yumiao/Documents/Projects/monstera/monstera/functions/node_modules/firebase-functions/lib/index.js\"}}"}}
[debug] [2021-02-28T23:20:56.956Z] [runtime-status] [30258] Resolved module firebase-functions {"declared":true,"installed":true,"version":"3.13.2","resolution":"/Users/yumiao/Documents/Projects/monstera/monstera/functions/node_modules/firebase-functions/lib/index.js"} {"metadata":{"emulator":{"name":"functions"},"message":"[runtime-status] [30258] Resolved module firebase-functions {\"declared\":true,\"installed\":true,\"version\":\"3.13.2\",\"resolution\":\"/Users/yumiao/Documents/Projects/monstera/monstera/functions/node_modules/firebase-functions/lib/index.js\"}"}}
[debug] [2021-02-28T23:20:56.956Z] [runtime-status] [30258] Resolved module firebase-admin {"declared":true,"installed":true,"version":"9.5.0","resolution":"/Users/yumiao/Documents/Projects/monstera/monstera/functions/node_modules/firebase-admin/lib/index.js"} {"metadata":{"emulator":{"name":"functions"},"message":"[runtime-status] [30258] Resolved module firebase-admin {\"declared\":true,\"installed\":true,\"version\":\"9.5.0\",\"resolution\":\"/Users/yumiao/Documents/Projects/monstera/monstera/functions/node_modules/firebase-admin/lib/index.js\"}"}}
[debug] [2021-02-28T23:20:56.956Z] [runtime-status] [30258] Resolved module firebase-functions {"declared":true,"installed":true,"version":"3.13.2","resolution":"/Users/yumiao/Documents/Projects/monstera/monstera/functions/node_modules/firebase-functions/lib/index.js"} {"metadata":{"emulator":{"name":"functions"},"message":"[runtime-status] [30258] Resolved module firebase-functions {\"declared\":true,\"installed\":true,\"version\":\"3.13.2\",\"resolution\":\"/Users/yumiao/Documents/Projects/monstera/monstera/functions/node_modules/firebase-functions/lib/index.js\"}"}}
[debug] [2021-02-28T23:20:56.956Z] [runtime-status] [30258] firebase-admin has been stubbed. {"adminResolution":{"declared":true,"installed":true,"version":"9.5.0","resolution":"/Users/yumiao/Documents/Projects/monstera/monstera/functions/node_modules/firebase-admin/lib/index.js"}} {"metadata":{"emulator":{"name":"functions"},"message":"[runtime-status] [30258] firebase-admin has been stubbed. {\"adminResolution\":{\"declared\":true,\"installed\":true,\"version\":\"9.5.0\",\"resolution\":\"/Users/yumiao/Documents/Projects/monstera/monstera/functions/node_modules/firebase-admin/lib/index.js\"}}"}}
[warn] ⚠  Error: Cannot find module 'stripe'
Require stack:
- /Users/yumiao/Documents/Projects/monstera/monstera/functions/index.js
- /opt/homebrew/lib/node_modules/firebase-tools/lib/emulator/functionsEmulatorRuntime.js
    at Function.Module._resolveFilename (node:internal/modules/cjs/loader:925:15)
    at Function.Module._load (node:internal/modules/cjs/loader:769:27)
    at Module.require (node:internal/modules/cjs/loader:997:19)
    at require (node:internal/modules/cjs/helpers:92:18)
    at Object.<anonymous> (/Users/yumiao/Documents/Projects/monstera/monstera/functions/index.js:13:16)
    at Module._compile (node:internal/modules/cjs/loader:1108:14)
    at Object.Module._extensions..js (node:internal/modules/cjs/loader:1137:10)
    at Module.load (node:internal/modules/cjs/loader:973:32)
    at Function.Module._load (node:internal/modules/cjs/loader:813:14)
    at Module.require (node:internal/modules/cjs/loader:997:19) {"metadata":{"emulator":{"name":"functions"},"message":"Error: Cannot find module 'stripe'\nRequire stack:\n- /Users/yumiao/Documents/Projects/monstera/monstera/functions/index.js\n- /opt/homebrew/lib/node_modules/firebase-tools/lib/emulator/functionsEmulatorRuntime.js\n    at Function.Module._resolveFilename (node:internal/modules/cjs/loader:925:15)\n    at Function.Module._load (node:internal/modules/cjs/loader:769:27)\n    at Module.require (node:internal/modules/cjs/loader:997:19)\n    at require (node:internal/modules/cjs/helpers:92:18)\n    at Object.<anonymous> (/Users/yumiao/Documents/Projects/monstera/monstera/functions/index.js:13:16)\n    at Module._compile (node:internal/modules/cjs/loader:1108:14)\n    at Object.Module._extensions..js (node:internal/modules/cjs/loader:1137:10)\n    at Module.load (node:internal/modules/cjs/loader:973:32)\n    at Function.Module._load (node:internal/modules/cjs/loader:813:14)\n    at Module.require (node:internal/modules/cjs/loader:997:19)"}}
[warn] ⚠  We were unable to load your functions code. (see above) {"metadata":{"emulator":{"name":"functions"}}}
[debug] [2021-02-28T23:20:57.013Z] [worker-~diagnostic~-8e97fc48-8cd8-489d-a96d-a8cefbb25791]: exited {"metadata":{"emulator":{"name":"functions"},"message":"[worker-~diagnostic~-8e97fc48-8cd8-489d-a96d-a8cefbb25791]: exited"}}
[debug] [2021-02-28T23:20:57.013Z] [worker-~diagnostic~-8e97fc48-8cd8-489d-a96d-a8cefbb25791]: FINISHED {"metadata":{"emulator":{"name":"functions"},"message":"[worker-~diagnostic~-8e97fc48-8cd8-489d-a96d-a8cefbb25791]: FINISHED"}}
[debug] [2021-02-28T23:23:15.726Z] File /Users/yumiao/Documents/Projects/monstera/monstera/functions/package-lock.json changed, reloading triggers {"metadata":{"emulator":{"name":"functions"},"message":"File /Users/yumiao/Documents/Projects/monstera/monstera/functions/package-lock.json changed, reloading triggers"}}
[debug] [2021-02-28T23:23:15.727Z] File /Users/yumiao/Documents/Projects/monstera/monstera/functions/package.json changed, reloading triggers {"metadata":{"emulator":{"name":"functions"},"message":"File /Users/yumiao/Documents/Projects/monstera/monstera/functions/package.json changed, reloading triggers"}}
[debug] [2021-02-28T23:23:16.732Z] [worker-pool] Cleaned up workers for ~diagnostic~: 1 --> 0 {"metadata":{"emulator":{"name":"functions"},"message":"[worker-pool] Cleaned up workers for ~diagnostic~: 1 --> 0"}}
[debug] [2021-02-28T23:23:16.734Z] [worker-pool] addWorker(~diagnostic~) {"metadata":{"emulator":{"name":"functions"},"message":"[worker-pool] addWorker(~diagnostic~)"}}
[debug] [2021-02-28T23:23:16.735Z] [worker-pool] Adding worker with key ~diagnostic~, total=1 {"metadata":{"emulator":{"name":"functions"},"message":"[worker-pool] Adding worker with key ~diagnostic~, total=1"}}
[debug] [2021-02-28T23:23:16.735Z] [worker-pool] submitWork(triggerId=) {"metadata":{"emulator":{"name":"functions"},"message":"[worker-pool] submitWork(triggerId=)"}}
[debug] [2021-02-28T23:23:16.735Z] [worker-~diagnostic~-c8bade73-a706-4d0b-a597-f2a28dca2422]: Assigning socketPath: /var/folders/1n/gr3z7hj55xv_55320fr0np7c0000gn/T/fire_emu_30430.sock {"metadata":{"emulator":{"name":"functions"},"message":"[worker-~diagnostic~-c8bade73-a706-4d0b-a597-f2a28dca2422]: Assigning socketPath: /var/folders/1n/gr3z7hj55xv_55320fr0np7c0000gn/T/fire_emu_30430.sock"}}
[debug] [2021-02-28T23:23:16.735Z] [worker-~diagnostic~-c8bade73-a706-4d0b-a597-f2a28dca2422]: BUSY {"metadata":{"emulator":{"name":"functions"},"message":"[worker-~diagnostic~-c8bade73-a706-4d0b-a597-f2a28dca2422]: BUSY"}}
[debug] [2021-02-28T23:23:16.791Z] [runtime-status] [30430] Functions runtime initialized. {"cwd":"/Users/yumiao/Documents/Projects/monstera/monstera/functions","node_version":"15.8.0"} {"metadata":{"emulator":{"name":"functions"},"message":"[runtime-status] [30430] Functions runtime initialized. {\"cwd\":\"/Users/yumiao/Documents/Projects/monstera/monstera/functions\",\"node_version\":\"15.8.0\"}"}}
[debug] [2021-02-28T23:23:16.792Z] [runtime-status] [30430] Disabled runtime features: undefined {"metadata":{"emulator":{"name":"functions"},"message":"[runtime-status] [30430] Disabled runtime features: undefined"}}
[debug] [2021-02-28T23:23:16.792Z] [runtime-status] [30430] Resolved module firebase-admin {"declared":true,"installed":true,"version":"9.5.0","resolution":"/Users/yumiao/Documents/Projects/monstera/monstera/functions/node_modules/firebase-admin/lib/index.js"} {"metadata":{"emulator":{"name":"functions"},"message":"[runtime-status] [30430] Resolved module firebase-admin {\"declared\":true,\"installed\":true,\"version\":\"9.5.0\",\"resolution\":\"/Users/yumiao/Documents/Projects/monstera/monstera/functions/node_modules/firebase-admin/lib/index.js\"}"}}
[debug] [2021-02-28T23:23:16.793Z] [runtime-status] [30430] Resolved module firebase-functions {"declared":true,"installed":true,"version":"3.13.2","resolution":"/Users/yumiao/Documents/Projects/monstera/monstera/functions/node_modules/firebase-functions/lib/index.js"} {"metadata":{"emulator":{"name":"functions"},"message":"[runtime-status] [30430] Resolved module firebase-functions {\"declared\":true,\"installed\":true,\"version\":\"3.13.2\",\"resolution\":\"/Users/yumiao/Documents/Projects/monstera/monstera/functions/node_modules/firebase-functions/lib/index.js\"}"}}
[debug] [2021-02-28T23:23:16.794Z] [runtime-status] [30430] Resolved module firebase-functions {"declared":true,"installed":true,"version":"3.13.2","resolution":"/Users/yumiao/Documents/Projects/monstera/monstera/functions/node_modules/firebase-functions/lib/index.js"} {"metadata":{"emulator":{"name":"functions"},"message":"[runtime-status] [30430] Resolved module firebase-functions {\"declared\":true,\"installed\":true,\"version\":\"3.13.2\",\"resolution\":\"/Users/yumiao/Documents/Projects/monstera/monstera/functions/node_modules/firebase-functions/lib/index.js\"}"}}
[debug] [2021-02-28T23:23:16.794Z] [runtime-status] [30430] Outgoing network have been stubbed. [{"name":"http","status":"mocked"},{"name":"http","status":"mocked"},{"name":"https","status":"mocked"},{"name":"https","status":"mocked"},{"name":"net","status":"mocked"}] {"metadata":{"emulator":{"name":"functions"},"message":"[runtime-status] [30430] Outgoing network have been stubbed. [{\"name\":\"http\",\"status\":\"mocked\"},{\"name\":\"http\",\"status\":\"mocked\"},{\"name\":\"https\",\"status\":\"mocked\"},{\"name\":\"https\",\"status\":\"mocked\"},{\"name\":\"net\",\"status\":\"mocked\"}]"}}
[debug] [2021-02-28T23:23:16.795Z] [runtime-status] [30430] Resolved module firebase-functions {"declared":true,"installed":true,"version":"3.13.2","resolution":"/Users/yumiao/Documents/Projects/monstera/monstera/functions/node_modules/firebase-functions/lib/index.js"} {"metadata":{"emulator":{"name":"functions"},"message":"[runtime-status] [30430] Resolved module firebase-functions {\"declared\":true,\"installed\":true,\"version\":\"3.13.2\",\"resolution\":\"/Users/yumiao/Documents/Projects/monstera/monstera/functions/node_modules/firebase-functions/lib/index.js\"}"}}
[debug] [2021-02-28T23:23:16.812Z] [runtime-status] [30430] Checked functions.config() {"config":{}} {"metadata":{"emulator":{"name":"functions"},"message":"[runtime-status] [30430] Checked functions.config() {\"config\":{}}"}}
[debug] [2021-02-28T23:23:16.812Z] [runtime-status] [30430] firebase-functions has been stubbed. {"functionsResolution":{"declared":true,"installed":true,"version":"3.13.2","resolution":"/Users/yumiao/Documents/Projects/monstera/monstera/functions/node_modules/firebase-functions/lib/index.js"}} {"metadata":{"emulator":{"name":"functions"},"message":"[runtime-status] [30430] firebase-functions has been stubbed. {\"functionsResolution\":{\"declared\":true,\"installed\":true,\"version\":\"3.13.2\",\"resolution\":\"/Users/yumiao/Documents/Projects/monstera/monstera/functions/node_modules/firebase-functions/lib/index.js\"}}"}}
[debug] [2021-02-28T23:23:16.812Z] [runtime-status] [30430] Resolved module firebase-functions {"declared":true,"installed":true,"version":"3.13.2","resolution":"/Users/yumiao/Documents/Projects/monstera/monstera/functions/node_modules/firebase-functions/lib/index.js"} {"metadata":{"emulator":{"name":"functions"},"message":"[runtime-status] [30430] Resolved module firebase-functions {\"declared\":true,\"installed\":true,\"version\":\"3.13.2\",\"resolution\":\"/Users/yumiao/Documents/Projects/monstera/monstera/functions/node_modules/firebase-functions/lib/index.js\"}"}}
[debug] [2021-02-28T23:23:16.812Z] [runtime-status] [30430] Resolved module firebase-admin {"declared":true,"installed":true,"version":"9.5.0","resolution":"/Users/yumiao/Documents/Projects/monstera/monstera/functions/node_modules/firebase-admin/lib/index.js"} {"metadata":{"emulator":{"name":"functions"},"message":"[runtime-status] [30430] Resolved module firebase-admin {\"declared\":true,\"installed\":true,\"version\":\"9.5.0\",\"resolution\":\"/Users/yumiao/Documents/Projects/monstera/monstera/functions/node_modules/firebase-admin/lib/index.js\"}"}}
[debug] [2021-02-28T23:23:16.812Z] [runtime-status] [30430] Resolved module firebase-functions {"declared":true,"installed":true,"version":"3.13.2","resolution":"/Users/yumiao/Documents/Projects/monstera/monstera/functions/node_modules/firebase-functions/lib/index.js"} {"metadata":{"emulator":{"name":"functions"},"message":"[runtime-status] [30430] Resolved module firebase-functions {\"declared\":true,\"installed\":true,\"version\":\"3.13.2\",\"resolution\":\"/Users/yumiao/Documents/Projects/monstera/monstera/functions/node_modules/firebase-functions/lib/index.js\"}"}}
[debug] [2021-02-28T23:23:16.812Z] [runtime-status] [30430] firebase-admin has been stubbed. {"adminResolution":{"declared":true,"installed":true,"version":"9.5.0","resolution":"/Users/yumiao/Documents/Projects/monstera/monstera/functions/node_modules/firebase-admin/lib/index.js"}} {"metadata":{"emulator":{"name":"functions"},"message":"[runtime-status] [30430] firebase-admin has been stubbed. {\"adminResolution\":{\"declared\":true,\"installed\":true,\"version\":\"9.5.0\",\"resolution\":\"/Users/yumiao/Documents/Projects/monstera/monstera/functions/node_modules/firebase-admin/lib/index.js\"}}"}}
[warn] ⚠  Error: Cannot find module 'stripe'
Require stack:
- /Users/yumiao/Documents/Projects/monstera/monstera/functions/index.js
- /opt/homebrew/lib/node_modules/firebase-tools/lib/emulator/functionsEmulatorRuntime.js
    at Function.Module._resolveFilename (node:internal/modules/cjs/loader:925:15)
    at Function.Module._load (node:internal/modules/cjs/loader:769:27)
    at Module.require (node:internal/modules/cjs/loader:997:19)
    at require (node:internal/modules/cjs/helpers:92:18)
    at Object.<anonymous> (/Users/yumiao/Documents/Projects/monstera/monstera/functions/index.js:13:16)
    at Module._compile (node:internal/modules/cjs/loader:1108:14)
    at Object.Module._extensions..js (node:internal/modules/cjs/loader:1137:10)
    at Module.load (node:internal/modules/cjs/loader:973:32)
    at Function.Module._load (node:internal/modules/cjs/loader:813:14)
    at Module.require (node:internal/modules/cjs/loader:997:19) {"metadata":{"emulator":{"name":"functions"},"message":"Error: Cannot find module 'stripe'\nRequire stack:\n- /Users/yumiao/Documents/Projects/monstera/monstera/functions/index.js\n- /opt/homebrew/lib/node_modules/firebase-tools/lib/emulator/functionsEmulatorRuntime.js\n    at Function.Module._resolveFilename (node:internal/modules/cjs/loader:925:15)\n    at Function.Module._load (node:internal/modules/cjs/loader:769:27)\n    at Module.require (node:internal/modules/cjs/loader:997:19)\n    at require (node:internal/modules/cjs/helpers:92:18)\n    at Object.<anonymous> (/Users/yumiao/Documents/Projects/monstera/monstera/functions/index.js:13:16)\n    at Module._compile (node:internal/modules/cjs/loader:1108:14)\n    at Object.Module._extensions..js (node:internal/modules/cjs/loader:1137:10)\n    at Module.load (node:internal/modules/cjs/loader:973:32)\n    at Function.Module._load (node:internal/modules/cjs/loader:813:14)\n    at Module.require (node:internal/modules/cjs/loader:997:19)"}}
[warn] ⚠  We were unable to load your functions code. (see above) {"metadata":{"emulator":{"name":"functions"}}}
[debug] [2021-02-28T23:23:16.855Z] [worker-~diagnostic~-c8bade73-a706-4d0b-a597-f2a28dca2422]: exited {"metadata":{"emulator":{"name":"functions"},"message":"[worker-~diagnostic~-c8bade73-a706-4d0b-a597-f2a28dca2422]: exited"}}
[debug] [2021-02-28T23:23:16.855Z] [worker-~diagnostic~-c8bade73-a706-4d0b-a597-f2a28dca2422]: FINISHED {"metadata":{"emulator":{"name":"functions"},"message":"[worker-~diagnostic~-c8bade73-a706-4d0b-a597-f2a28dca2422]: FINISHED"}}
